{"contracts\\BAFC_NFT.sol":{"l":{"34":13,"35":13,"36":13,"37":13,"54":2,"55":2,"56":2,"57":2,"66":2,"78":12,"79":12,"84":12,"88":8,"97":5,"98":4,"99":4,"100":0,"102":4,"108":13},"path":"I:\\BlockchainProject\\Copyright\\contracts\\BAFC_NFT.sol","s":{"1":13,"2":2,"3":2,"4":2,"5":12,"6":12,"7":12,"8":8,"9":5,"10":4,"11":4,"12":4,"13":13},"b":{"1":[2,0],"2":[2,0],"3":[12,0],"4":[12,0],"5":[8,0],"6":[4,1],"7":[0,4]},"f":{"1":13,"2":2,"3":2,"4":12,"5":5,"6":13},"fnMap":{"1":{"name":"constructor","line":33,"loc":{"start":{"line":29,"column":4},"end":{"line":38,"column":4}}},"2":{"name":"addUsersContributions","line":50,"loc":{"start":{"line":50,"column":4},"end":{"line":58,"column":4}}},"3":{"name":"getUsersContributions","line":63,"loc":{"start":{"line":63,"column":4},"end":{"line":67,"column":4}}},"4":{"name":"withdraw","line":77,"loc":{"start":{"line":77,"column":4},"end":{"line":89,"column":4}}},"5":{"name":"safeTransferFrom","line":96,"loc":{"start":{"line":96,"column":4},"end":{"line":103,"column":4}}},"6":{"name":"setApprovalForMarketPlace","line":106,"loc":{"start":{"line":106,"column":4},"end":{"line":109,"column":4}}}},"statementMap":{"1":{"start":{"line":37,"column":8},"end":{"line":37,"column":34}},"2":{"start":{"line":54,"column":8},"end":{"line":54,"column":69}},"3":{"start":{"line":55,"column":8},"end":{"line":55,"column":60}},"4":{"start":{"line":66,"column":8},"end":{"line":66,"column":46}},"5":{"start":{"line":78,"column":8},"end":{"line":78,"column":41}},"6":{"start":{"line":79,"column":8},"end":{"line":79,"column":2933}},"7":{"start":{"line":84,"column":8},"end":{"line":84,"column":3062}},"8":{"start":{"line":88,"column":8},"end":{"line":88,"column":23}},"9":{"start":{"line":97,"column":8},"end":{"line":97,"column":70}},"10":{"start":{"line":98,"column":8},"end":{"line":98,"column":37}},"11":{"start":{"line":99,"column":8},"end":{"line":99,"column":3700}},"12":{"start":{"line":102,"column":8},"end":{"line":102,"column":51}},"13":{"start":{"line":108,"column":8},"end":{"line":108,"column":47}}},"branchMap":{"1":{"line":54,"type":"if","locations":[{"start":{"line":54,"column":8},"end":{"line":54,"column":8}},{"start":{"line":54,"column":8},"end":{"line":54,"column":8}}]},"2":{"line":55,"type":"if","locations":[{"start":{"line":55,"column":8},"end":{"line":55,"column":8}},{"start":{"line":55,"column":8},"end":{"line":55,"column":8}}]},"3":{"line":78,"type":"if","locations":[{"start":{"line":78,"column":8},"end":{"line":78,"column":8}},{"start":{"line":78,"column":8},"end":{"line":78,"column":8}}]},"4":{"line":79,"type":"if","locations":[{"start":{"line":79,"column":8},"end":{"line":79,"column":8}},{"start":{"line":79,"column":8},"end":{"line":79,"column":8}}]},"5":{"line":88,"type":"if","locations":[{"start":{"line":88,"column":8},"end":{"line":88,"column":8}},{"start":{"line":88,"column":8},"end":{"line":88,"column":8}}]},"6":{"line":97,"type":"if","locations":[{"start":{"line":97,"column":8},"end":{"line":97,"column":8}},{"start":{"line":97,"column":8},"end":{"line":97,"column":8}}]},"7":{"line":99,"type":"if","locations":[{"start":{"line":99,"column":8},"end":{"line":99,"column":8}},{"start":{"line":99,"column":8},"end":{"line":99,"column":8}}]}}},"contracts\\Market.sol":{"l":{"80":13,"81":13,"82":13,"83":13,"90":13,"97":13,"98":13,"114":2,"118":1,"119":1,"120":1,"127":1,"134":1,"135":1,"156":3,"157":3,"158":3,"159":3,"163":3,"167":3,"170":3,"171":3,"174":3,"178":3,"179":3,"180":3,"194":2,"198":2,"205":1,"219":1,"224":1},"path":"I:\\BlockchainProject\\Copyright\\contracts\\Market.sol","s":{"1":13,"2":13,"3":13,"4":13,"5":13,"6":2,"7":1,"8":1,"9":1,"10":1,"11":3,"12":3,"13":3,"14":3,"15":3,"16":3,"17":3,"18":3,"19":3,"20":3,"21":3,"22":3,"23":2,"24":2,"25":1,"26":1,"27":1},"b":{"1":[1,1],"2":[3,0],"3":[3,0],"4":[3,0],"5":[3,0],"6":[3,0],"7":[3,0],"8":[3,0],"9":[1,0]},"f":{"1":39,"2":13,"3":2,"4":3,"5":3,"6":2,"7":1,"8":1},"fnMap":{"1":{"name":"constructor","line":30,"loc":{"start":{"line":30,"column":4},"end":{"line":30,"column":39}}},"2":{"name":"mintNFT","line":72,"loc":{"start":{"line":72,"column":4},"end":{"line":100,"column":4}}},"3":{"name":"addNFT","line":108,"loc":{"start":{"line":108,"column":4},"end":{"line":136,"column":4}}},"4":{"name":"purchaseNFT","line":155,"loc":{"start":{"line":151,"column":4},"end":{"line":175,"column":4}}},"5":{"name":"transfer","line":177,"loc":{"start":{"line":177,"column":0},"end":{"line":181,"column":0}}},"6":{"name":"addUsersContributions","line":189,"loc":{"start":{"line":189,"column":4},"end":{"line":199,"column":4}}},"7":{"name":"getNFTAddress","line":204,"loc":{"start":{"line":204,"column":4},"end":{"line":206,"column":4}}},"8":{"name":"transferNFT","line":213,"loc":{"start":{"line":213,"column":4},"end":{"line":225,"column":4}}}},"statementMap":{"1":{"start":{"line":80,"column":8},"end":{"line":80,"column":78}},"2":{"start":{"line":81,"column":8},"end":{"line":81,"column":22}},"3":{"start":{"line":82,"column":8},"end":{"line":82,"column":48}},"4":{"start":{"line":90,"column":8},"end":{"line":90,"column":2995}},"5":{"start":{"line":98,"column":8},"end":{"line":98,"column":34}},"6":{"start":{"line":114,"column":8},"end":{"line":114,"column":3722}},"7":{"start":{"line":118,"column":8},"end":{"line":118,"column":52}},"8":{"start":{"line":119,"column":8},"end":{"line":119,"column":48}},"9":{"start":{"line":127,"column":8},"end":{"line":127,"column":4124}},"10":{"start":{"line":135,"column":8},"end":{"line":135,"column":34}},"11":{"start":{"line":156,"column":9},"end":{"line":156,"column":72}},"12":{"start":{"line":157,"column":8},"end":{"line":157,"column":49}},"13":{"start":{"line":158,"column":8},"end":{"line":158,"column":70}},"14":{"start":{"line":159,"column":8},"end":{"line":159,"column":5332}},"15":{"start":{"line":163,"column":8},"end":{"line":163,"column":5456}},"16":{"start":{"line":167,"column":8},"end":{"line":167,"column":5621}},"17":{"start":{"line":170,"column":8},"end":{"line":170,"column":63}},"18":{"start":{"line":171,"column":8},"end":{"line":171,"column":64}},"19":{"start":{"line":174,"column":8},"end":{"line":174,"column":66}},"20":{"start":{"line":178,"column":8},"end":{"line":178,"column":71}},"21":{"start":{"line":179,"column":8},"end":{"line":179,"column":60}},"22":{"start":{"line":180,"column":8},"end":{"line":180,"column":68}},"23":{"start":{"line":194,"column":8},"end":{"line":194,"column":6866}},"24":{"start":{"line":198,"column":8},"end":{"line":198,"column":72}},"25":{"start":{"line":205,"column":8},"end":{"line":205,"column":29}},"26":{"start":{"line":219,"column":8},"end":{"line":219,"column":7670}},"27":{"start":{"line":224,"column":8},"end":{"line":224,"column":90}}},"branchMap":{"1":{"line":114,"type":"if","locations":[{"start":{"line":114,"column":8},"end":{"line":114,"column":8}},{"start":{"line":114,"column":8},"end":{"line":114,"column":8}}]},"2":{"line":155,"type":"if","locations":[{"start":{"line":155,"column":21},"end":{"line":155,"column":21}},{"start":{"line":155,"column":21},"end":{"line":155,"column":21}}]},"3":{"line":156,"type":"if","locations":[{"start":{"line":156,"column":9},"end":{"line":156,"column":9}},{"start":{"line":156,"column":9},"end":{"line":156,"column":9}}]},"4":{"line":158,"type":"if","locations":[{"start":{"line":158,"column":8},"end":{"line":158,"column":8}},{"start":{"line":158,"column":8},"end":{"line":158,"column":8}}]},"5":{"line":159,"type":"if","locations":[{"start":{"line":159,"column":8},"end":{"line":159,"column":8}},{"start":{"line":159,"column":8},"end":{"line":159,"column":8}}]},"6":{"line":163,"type":"if","locations":[{"start":{"line":163,"column":8},"end":{"line":163,"column":8}},{"start":{"line":163,"column":8},"end":{"line":163,"column":8}}]},"7":{"line":170,"type":"if","locations":[{"start":{"line":170,"column":8},"end":{"line":170,"column":8}},{"start":{"line":170,"column":8},"end":{"line":170,"column":8}}]},"8":{"line":178,"type":"if","locations":[{"start":{"line":178,"column":8},"end":{"line":178,"column":8}},{"start":{"line":178,"column":8},"end":{"line":178,"column":8}}]},"9":{"line":219,"type":"if","locations":[{"start":{"line":219,"column":8},"end":{"line":219,"column":8}},{"start":{"line":219,"column":8},"end":{"line":219,"column":8}}]}}},"contracts\\NFT.sol":{"l":{"20":13,"29":14,"47":18},"path":"I:\\BlockchainProject\\Copyright\\contracts\\NFT.sol","s":{"1":13,"2":14,"3":18},"b":{"1":[13,0],"2":[14,0]},"f":{"1":13,"2":13,"3":14,"4":18},"fnMap":{"1":{"name":"constructor","line":15,"loc":{"start":{"line":12,"column":4},"end":{"line":15,"column":40}}},"2":{"name":"setURI","line":19,"loc":{"start":{"line":19,"column":4},"end":{"line":21,"column":4}}},"3":{"name":"mint","line":28,"loc":{"start":{"line":23,"column":4},"end":{"line":30,"column":4}}},"4":{"name":"_update","line":41,"loc":{"start":{"line":41,"column":4},"end":{"line":48,"column":4}}}},"statementMap":{"1":{"start":{"line":20,"column":8},"end":{"line":20,"column":22}},"2":{"start":{"line":29,"column":8},"end":{"line":29,"column":39}},"3":{"start":{"line":47,"column":8},"end":{"line":47,"column":43}}},"branchMap":{"1":{"line":19,"type":"if","locations":[{"start":{"line":19,"column":49},"end":{"line":19,"column":49}},{"start":{"line":19,"column":49},"end":{"line":19,"column":49}}]},"2":{"line":28,"type":"if","locations":[{"start":{"line":28,"column":13},"end":{"line":28,"column":13}},{"start":{"line":28,"column":13},"end":{"line":28,"column":13}}]}}}}