{
"contracts\\BAFC_NFT.sol":{"l":{"34":15,"35":15,"36":15,"37":15,"54":2,"55":2,"56":2,"57":2,"66":2,"78":12,"79":12,"84":12,"88":8,"97":6,"98":5,"99":5,"100":0,"102":5,"108":15},"path":"I:\\BlockchainProject\\Copyright\\contracts\\BAFC_NFT.sol","s":{"1":15,"2":2,"3":2,"4":2,"5":12,"6":12,"7":12,"8":8,"9":6,"10":5,"11":5,"12":5,"13":15},"b":{"1":[2,0],"2":[2,0],"3":[12,0],"4":[12,0],"5":[8,0],"6":[5,1],"7":[0,5]},"f":{"1":15,"2":2,"3":2,"4":12,"5":6,"6":15},"fnMap":{"1":{"name":"constructor","line":33,"loc":{"start":{"line":29,"column":4},"end":{"line":38,"column":4}}},"2":{"name":"addUsersContributions","line":50,"loc":{"start":{"line":50,"column":4},"end":{"line":58,"column":4}}},"3":{"name":"getUsersContributions","line":63,"loc":{"start":{"line":63,"column":4},"end":{"line":67,"column":4}}},"4":{"name":"withdraw","line":77,"loc":{"start":{"line":77,"column":4},"end":{"line":89,"column":4}}},"5":{"name":"safeTransferFrom","line":96,"loc":{"start":{"line":96,"column":4},"end":{"line":103,"column":4}}},"6":{"name":"setApprovalForMarketPlace","line":106,"loc":{"start":{"line":106,"column":4},"end":{"line":109,"column":4}}}},"statementMap":{"1":{"start":{"line":37,"column":8},"end":{"line":37,"column":34}},"2":{"start":{"line":54,"column":8},"end":{"line":54,"column":69}},"3":{"start":{"line":55,"column":8},"end":{"line":55,"column":60}},"4":{"start":{"line":66,"column":8},"end":{"line":66,"column":46}},"5":{"start":{"line":78,"column":8},"end":{"line":78,"column":41}},"6":{"start":{"line":79,"column":8},"end":{"line":79,"column":2933}},"7":{"start":{"line":84,"column":8},"end":{"line":84,"column":3062}},"8":{"start":{"line":88,"column":8},"end":{"line":88,"column":23}},"9":{"start":{"line":97,"column":8},"end":{"line":97,"column":70}},"10":{"start":{"line":98,"column":8},"end":{"line":98,"column":37}},"11":{"start":{"line":99,"column":8},"end":{"line":99,"column":3700}},"12":{"start":{"line":102,"column":8},"end":{"line":102,"column":51}},"13":{"start":{"line":108,"column":8},"end":{"line":108,"column":47}}},"branchMap":{"1":{"line":54,"type":"if","locations":[{"start":{"line":54,"column":8},"end":{"line":54,"column":8}},{"start":{"line":54,"column":8},"end":{"line":54,"column":8}}]},"2":{"line":55,"type":"if","locations":[{"start":{"line":55,"column":8},"end":{"line":55,"column":8}},{"start":{"line":55,"column":8},"end":{"line":55,"column":8}}]},"3":{"line":78,"type":"if","locations":[{"start":{"line":78,"column":8},"end":{"line":78,"column":8}},{"start":{"line":78,"column":8},"end":{"line":78,"column":8}}]},"4":{"line":79,"type":"if","locations":[{"start":{"line":79,"column":8},"end":{"line":79,"column":8}},{"start":{"line":79,"column":8},"end":{"line":79,"column":8}}]},"5":{"line":88,"type":"if","locations":[{"start":{"line":88,"column":8},"end":{"line":88,"column":8}},{"start":{"line":88,"column":8},"end":{"line":88,"column":8}}]},"6":{"line":97,"type":"if","locations":[{"start":{"line":97,"column":8},"end":{"line":97,"column":8}},{"start":{"line":97,"column":8},"end":{"line":97,"column":8}}]},"7":{"line":99,"type":"if","locations":[{"start":{"line":99,"column":8},"end":{"line":99,"column":8}},{"start":{"line":99,"column":8},"end":{"line":99,"column":8}}]}}},
"contracts\\Market.sol":{"l":{"80":15,"81":15,"82":15,"83":15,"90":15,"97":15,"98":15,"113":2,"117":1,"118":1,"119":1,"126":1,"133":1,"134":1,"155":4,"156":4,"157":4,"158":4,"162":4,"166":4,"169":4,"170":4,"173":4,"183":4,"184":4,"185":4,"200":2,"204":2,"211":1,"225":1,"230":1,"240":2,"241":1,"242":1},"path":"I:\\BlockchainProject\\Copyright\\contracts\\Market.sol","s":{"1":15,"2":15,"3":15,"4":15,"5":15,"6":2,"7":1,"8":1,"9":1,"10":1,"11":4,"12":4,"13":4,"14":4,"15":4,"16":4,"17":4,"18":4,"19":4,"20":4,"21":4,"22":4,"23":2,"24":2,"25":1,"26":1,"27":1,"28":2,"29":1,"30":1},"b":{"1":[1,1],"2":[4,0],"3":[4,0],"4":[4,0],"5":[4,0],"6":[4,0],"7":[4,0],"8":[4,0],"9":[1,0],"10":[2,0],"11":[2,0],"12":[1,1],"13":[1,0]},"f":{"1":45,"2":15,"3":2,"4":4,"5":4,"6":2,"7":1,"8":1,"9":2},"fnMap":{"1":{"name":"constructor","line":30,"loc":{"start":{"line":30,"column":4},"end":{"line":30,"column":39}}},"2":{"name":"mintNFT","line":72,"loc":{"start":{"line":72,"column":4},"end":{"line":99,"column":4}}},"3":{"name":"addNFT","line":107,"loc":{"start":{"line":107,"column":4},"end":{"line":135,"column":4}}},"4":{"name":"purchaseNFT","line":154,"loc":{"start":{"line":150,"column":4},"end":{"line":174,"column":4}}},"5":{"name":"transfer","line":176,"loc":{"start":{"line":176,"column":4},"end":{"line":186,"column":4}}},"6":{"name":"addUsersContributions","line":195,"loc":{"start":{"line":195,"column":4},"end":{"line":205,"column":4}}},"7":{"name":"getNFTAddress","line":210,"loc":{"start":{"line":210,"column":4},"end":{"line":212,"column":4}}},"8":{"name":"transferNFT","line":219,"loc":{"start":{"line":219,"column":4},"end":{"line":237,"column":4}}},"9":{"name":"withdraw","line":239,"loc":{"start":{"line":239,"column":4},"end":{"line":243,"column":4}}}},"statementMap":{"1":{"start":{"line":80,"column":8},"end":{"line":80,"column":78}},"2":{"start":{"line":81,"column":8},"end":{"line":81,"column":22}},"3":{"start":{"line":82,"column":8},"end":{"line":82,"column":48}},"4":{"start":{"line":90,"column":8},"end":{"line":90,"column":2995}},"5":{"start":{"line":98,"column":8},"end":{"line":98,"column":34}},"6":{"start":{"line":113,"column":8},"end":{"line":113,"column":3712}},"7":{"start":{"line":117,"column":8},"end":{"line":117,"column":52}},"8":{"start":{"line":118,"column":8},"end":{"line":118,"column":48}},"9":{"start":{"line":126,"column":8},"end":{"line":126,"column":4114}},"10":{"start":{"line":134,"column":8},"end":{"line":134,"column":34}},"11":{"start":{"line":155,"column":8},"end":{"line":155,"column":72}},"12":{"start":{"line":156,"column":8},"end":{"line":156,"column":49}},"13":{"start":{"line":157,"column":8},"end":{"line":157,"column":70}},"14":{"start":{"line":158,"column":8},"end":{"line":158,"column":5322}},"15":{"start":{"line":162,"column":8},"end":{"line":162,"column":5446}},"16":{"start":{"line":166,"column":8},"end":{"line":166,"column":5611}},"17":{"start":{"line":169,"column":8},"end":{"line":169,"column":63}},"18":{"start":{"line":170,"column":8},"end":{"line":170,"column":68}},"19":{"start":{"line":173,"column":8},"end":{"line":173,"column":66}},"20":{"start":{"line":183,"column":8},"end":{"line":183,"column":72}},"21":{"start":{"line":184,"column":8},"end":{"line":184,"column":60}},"22":{"start":{"line":185,"column":8},"end":{"line":185,"column":68}},"23":{"start":{"line":200,"column":8},"end":{"line":200,"column":6924}},"24":{"start":{"line":204,"column":8},"end":{"line":204,"column":72}},"25":{"start":{"line":211,"column":8},"end":{"line":211,"column":29}},"26":{"start":{"line":225,"column":8},"end":{"line":225,"column":7726}},"27":{"start":{"line":230,"column":8},"end":{"line":230,"column":7946}},"28":{"start":{"line":240,"column":8},"end":{"line":240,"column":68}},"29":{"start":{"line":241,"column":8},"end":{"line":241,"column":88}},"30":{"start":{"line":242,"column":8},"end":{"line":242,"column":23}}},"branchMap":{"1":{"line":113,"type":"if","locations":[{"start":{"line":113,"column":8},"end":{"line":113,"column":8}},{"start":{"line":113,"column":8},"end":{"line":113,"column":8}}]},"2":{"line":154,"type":"if","locations":[{"start":{"line":154,"column":21},"end":{"line":154,"column":21}},{"start":{"line":154,"column":21},"end":{"line":154,"column":21}}]},"3":{"line":155,"type":"if","locations":[{"start":{"line":155,"column":8},"end":{"line":155,"column":8}},{"start":{"line":155,"column":8},"end":{"line":155,"column":8}}]},"4":{"line":157,"type":"if","locations":[{"start":{"line":157,"column":8},"end":{"line":157,"column":8}},{"start":{"line":157,"column":8},"end":{"line":157,"column":8}}]},"5":{"line":158,"type":"if","locations":[{"start":{"line":158,"column":8},"end":{"line":158,"column":8}},{"start":{"line":158,"column":8},"end":{"line":158,"column":8}}]},"6":{"line":162,"type":"if","locations":[{"start":{"line":162,"column":8},"end":{"line":162,"column":8}},{"start":{"line":162,"column":8},"end":{"line":162,"column":8}}]},"7":{"line":169,"type":"if","locations":[{"start":{"line":169,"column":8},"end":{"line":169,"column":8}},{"start":{"line":169,"column":8},"end":{"line":169,"column":8}}]},"8":{"line":183,"type":"if","locations":[{"start":{"line":183,"column":8},"end":{"line":183,"column":8}},{"start":{"line":183,"column":8},"end":{"line":183,"column":8}}]},"9":{"line":225,"type":"if","locations":[{"start":{"line":225,"column":8},"end":{"line":225,"column":8}},{"start":{"line":225,"column":8},"end":{"line":225,"column":8}}]},"10":{"line":239,"type":"if","locations":[{"start":{"line":239,"column":31},"end":{"line":239,"column":31}},{"start":{"line":239,"column":31},"end":{"line":239,"column":31}}]},"11":{"line":239,"type":"if","locations":[{"start":{"line":239,"column":41},"end":{"line":239,"column":41}},{"start":{"line":239,"column":41},"end":{"line":239,"column":41}}]},"12":{"line":240,"type":"if","locations":[{"start":{"line":240,"column":8},"end":{"line":240,"column":8}},{"start":{"line":240,"column":8},"end":{"line":240,"column":8}}]},"13":{"line":242,"type":"if","locations":[{"start":{"line":242,"column":8},"end":{"line":242,"column":8}},{"start":{"line":242,"column":8},"end":{"line":242,"column":8}}]}}},
"contracts\\NFT.sol":{"l":{"20":15,"29":16,"47":21},"path":"I:\\BlockchainProject\\Copyright\\contracts\\NFT.sol","s":{"1":15,"2":16,"3":21},"b":{"1":[15,0],"2":[16,0]},"f":{"1":15,"2":15,"3":16,"4":21},"fnMap":{"1":{"name":"constructor","line":15,"loc":{"start":{"line":12,"column":4},"end":{"line":15,"column":40}}},"2":{"name":"setURI","line":19,"loc":{"start":{"line":19,"column":4},"end":{"line":21,"column":4}}},"3":{"name":"mint","line":28,"loc":{"start":{"line":23,"column":4},"end":{"line":30,"column":4}}},"4":{"name":"_update","line":41,"loc":{"start":{"line":41,"column":4},"end":{"line":48,"column":4}}}},"statementMap":{"1":{"start":{"line":20,"column":8},"end":{"line":20,"column":22}},"2":{"start":{"line":29,"column":8},"end":{"line":29,"column":39}},"3":{"start":{"line":47,"column":8},"end":{"line":47,"column":43}}},"branchMap":{"1":{"line":19,"type":"if","locations":[{"start":{"line":19,"column":49},"end":{"line":19,"column":49}},{"start":{"line":19,"column":49},"end":{"line":19,"column":49}}]},"2":{"line":28,"type":"if","locations":[{"start":{"line":28,"column":13},"end":{"line":28,"column":13}},{"start":{"line":28,"column":13},"end":{"line":28,"column":13}}]}}}}
