{
"contracts\\BAFC_NFT.sol":{"l":{"27":12,"28":12,"29":12,"36":2,"37":2,"38":2,"39":2,"45":2,"49":12,"50":12,"55":12,"56":8},"path":"I:\\BlockchainProject\\Copyright\\contracts\\BAFC_NFT.sol","s":{"1":2,"2":2,"3":2,"4":12,"5":12,"6":12,"7":8},"b":{"1":[2,0],"2":[2,0],"3":[12,0],"4":[12,0],"5":[8,0]},"f":{"1":12,"2":2,"3":2,"4":12},"fnMap":{"1":{"name":"constructor","line":26,"loc":{"start":{"line":22,"column":4},"end":{"line":30,"column":4}}},"2":{"name":"addUsersContributions","line":32,"loc":{"start":{"line":32,"column":4},"end":{"line":40,"column":4}}},"3":{"name":"getUsersContributions","line":42,"loc":{"start":{"line":42,"column":4},"end":{"line":46,"column":4}}},"4":{"name":"withdraw","line":48,"loc":{"start":{"line":48,"column":4},"end":{"line":57,"column":4}}}},"statementMap":{"1":{"start":{"line":36,"column":8},"end":{"line":36,"column":69}},"2":{"start":{"line":37,"column":8},"end":{"line":37,"column":60}},"3":{"start":{"line":45,"column":8},"end":{"line":45,"column":46}},"4":{"start":{"line":49,"column":8},"end":{"line":49,"column":41}},"5":{"start":{"line":50,"column":8},"end":{"line":50,"column":1659}},"6":{"start":{"line":55,"column":10},"end":{"line":55,"column":144}},"7":{"start":{"line":56,"column":10},"end":{"line":56,"column":25}}},"branchMap":{"1":{"line":36,"type":"if","locations":[{"start":{"line":36,"column":8},"end":{"line":36,"column":8}},{"start":{"line":36,"column":8},"end":{"line":36,"column":8}}]},"2":{"line":37,"type":"if","locations":[{"start":{"line":37,"column":8},"end":{"line":37,"column":8}},{"start":{"line":37,"column":8},"end":{"line":37,"column":8}}]},"3":{"line":49,"type":"if","locations":[{"start":{"line":49,"column":8},"end":{"line":49,"column":8}},{"start":{"line":49,"column":8},"end":{"line":49,"column":8}}]},"4":{"line":50,"type":"if","locations":[{"start":{"line":50,"column":8},"end":{"line":50,"column":8}},{"start":{"line":50,"column":8},"end":{"line":50,"column":8}}]},"5":{"line":56,"type":"if","locations":[{"start":{"line":56,"column":10},"end":{"line":56,"column":10}},{"start":{"line":56,"column":10},"end":{"line":56,"column":10}}]}}},
"contracts\\Market.sol":{"l":{"57":12,"58":12,"59":12,"60":12,"67":12,"74":12,"75":12,"84":2,"88":1,"89":1,"90":1,"97":1,"104":1,"105":1,"113":3,"114":3,"115":3,"119":3,"123":3,"126":3,"128":3,"136":2,"140":2,"144":1},"path":"I:\\BlockchainProject\\Copyright\\contracts\\Market.sol","s":{"1":12,"2":12,"3":12,"4":12,"5":12,"6":2,"7":1,"8":1,"9":1,"10":1,"11":3,"12":3,"13":3,"14":3,"15":3,"16":3,"17":3,"18":2,"19":2,"20":1},"b":{"1":[1,1],"2":[3,0],"3":[3,0],"4":[3,0],"5":[3,0],"6":[3,0]},"f":{"1":36,"2":12,"3":2,"4":3,"5":2,"6":1},"fnMap":{"1":{"name":"constructor","line":21,"loc":{"start":{"line":21,"column":4},"end":{"line":21,"column":39}}},"2":{"name":"mintNFT","line":49,"loc":{"start":{"line":49,"column":4},"end":{"line":76,"column":4}}},"3":{"name":"addNFT","line":78,"loc":{"start":{"line":78,"column":4},"end":{"line":106,"column":4}}},"4":{"name":"purchaseNFT","line":112,"loc":{"start":{"line":108,"column":4},"end":{"line":129,"column":4}}},"5":{"name":"addUsersContributions","line":131,"loc":{"start":{"line":131,"column":4},"end":{"line":141,"column":4}}},"6":{"name":"getNFTAddress","line":143,"loc":{"start":{"line":143,"column":4},"end":{"line":145,"column":4}}}},"statementMap":{"1":{"start":{"line":57,"column":8},"end":{"line":57,"column":78}},"2":{"start":{"line":58,"column":8},"end":{"line":58,"column":22}},"3":{"start":{"line":59,"column":8},"end":{"line":59,"column":48}},"4":{"start":{"line":67,"column":8},"end":{"line":67,"column":2102}},"5":{"start":{"line":75,"column":8},"end":{"line":75,"column":34}},"6":{"start":{"line":84,"column":8},"end":{"line":84,"column":2531}},"7":{"start":{"line":88,"column":8},"end":{"line":88,"column":52}},"8":{"start":{"line":89,"column":8},"end":{"line":89,"column":48}},"9":{"start":{"line":97,"column":8},"end":{"line":97,"column":2933}},"10":{"start":{"line":105,"column":8},"end":{"line":105,"column":34}},"11":{"start":{"line":113,"column":8},"end":{"line":113,"column":45}},"12":{"start":{"line":114,"column":8},"end":{"line":114,"column":70}},"13":{"start":{"line":115,"column":8},"end":{"line":115,"column":3482}},"14":{"start":{"line":119,"column":8},"end":{"line":119,"column":3606}},"15":{"start":{"line":123,"column":8},"end":{"line":123,"column":3771}},"16":{"start":{"line":126,"column":8},"end":{"line":126,"column":63}},"17":{"start":{"line":128,"column":8},"end":{"line":128,"column":66}},"18":{"start":{"line":136,"column":8},"end":{"line":136,"column":4174}},"19":{"start":{"line":140,"column":8},"end":{"line":140,"column":72}},"20":{"start":{"line":144,"column":8},"end":{"line":144,"column":29}}},"branchMap":{"1":{"line":84,"type":"if","locations":[{"start":{"line":84,"column":8},"end":{"line":84,"column":8}},{"start":{"line":84,"column":8},"end":{"line":84,"column":8}}]},"2":{"line":112,"type":"if","locations":[{"start":{"line":112,"column":21},"end":{"line":112,"column":21}},{"start":{"line":112,"column":21},"end":{"line":112,"column":21}}]},"3":{"line":114,"type":"if","locations":[{"start":{"line":114,"column":8},"end":{"line":114,"column":8}},{"start":{"line":114,"column":8},"end":{"line":114,"column":8}}]},"4":{"line":115,"type":"if","locations":[{"start":{"line":115,"column":8},"end":{"line":115,"column":8}},{"start":{"line":115,"column":8},"end":{"line":115,"column":8}}]},"5":{"line":119,"type":"if","locations":[{"start":{"line":119,"column":8},"end":{"line":119,"column":8}},{"start":{"line":119,"column":8},"end":{"line":119,"column":8}}]},"6":{"line":126,"type":"if","locations":[{"start":{"line":126,"column":8},"end":{"line":126,"column":8}},{"start":{"line":126,"column":8},"end":{"line":126,"column":8}}]}}},
"contracts\\NFT.sol":{"l":{"22":12,"29":13,"45":16},"path":"I:\\BlockchainProject\\Copyright\\contracts\\NFT.sol","s":{"1":12,"2":13,"3":16},"b":{"1":[12,0],"2":[13,0]},"f":{"1":12,"2":12,"3":13,"4":16},"fnMap":{"1":{"name":"constructor","line":15,"loc":{"start":{"line":15,"column":4},"end":{"line":19,"column":4}}},"2":{"name":"setURI","line":21,"loc":{"start":{"line":21,"column":4},"end":{"line":23,"column":4}}},"3":{"name":"mint","line":27,"loc":{"start":{"line":25,"column":4},"end":{"line":30,"column":4}}},"4":{"name":"_update","line":41,"loc":{"start":{"line":41,"column":4},"end":{"line":46,"column":4}}}},"statementMap":{"1":{"start":{"line":22,"column":8},"end":{"line":22,"column":22}},"2":{"start":{"line":29,"column":8},"end":{"line":29,"column":39}},"3":{"start":{"line":45,"column":8},"end":{"line":45,"column":43}}},"branchMap":{"1":{"line":21,"type":"if","locations":[{"start":{"line":21,"column":49},"end":{"line":21,"column":49}},{"start":{"line":21,"column":49},"end":{"line":21,"column":49}}]},"2":{"line":27,"type":"if","locations":[{"start":{"line":27,"column":7},"end":{"line":27,"column":7}},{"start":{"line":27,"column":7},"end":{"line":27,"column":7}}]}}}}
