TN:
SF:I:\BlockchainProject\Copyright\contracts\BAFC_NFT.sol
FN:33,constructor
FN:50,addUsersContributions
FN:63,getUsersContributions
FN:77,withdraw
FN:96,safeTransferFrom
FN:106,setApprovalForMarketPlace
FNF:6
FNH:6
FNDA:13,constructor
FNDA:2,addUsersContributions
FNDA:2,getUsersContributions
FNDA:12,withdraw
FNDA:5,safeTransferFrom
FNDA:13,setApprovalForMarketPlace
DA:34,13
DA:35,13
DA:36,13
DA:37,13
DA:54,2
DA:55,2
DA:56,2
DA:57,2
DA:66,2
DA:78,12
DA:79,12
DA:84,12
DA:88,8
DA:97,5
DA:98,4
DA:99,4
DA:100,0
DA:102,4
DA:108,13
LF:19
LH:18
BRDA:54,1,0,2
BRDA:54,1,1,0
BRDA:55,2,0,2
BRDA:55,2,1,0
BRDA:78,3,0,12
BRDA:78,3,1,0
BRDA:79,4,0,12
BRDA:79,4,1,0
BRDA:88,5,0,8
BRDA:88,5,1,0
BRDA:97,6,0,4
BRDA:97,6,1,1
BRDA:99,7,0,0
BRDA:99,7,1,4
BRF:14
BRH:8
end_of_record
TN:
SF:I:\BlockchainProject\Copyright\contracts\Market.sol
FN:30,constructor
FN:72,mintNFT
FN:108,addNFT
FN:155,purchaseNFT
FN:177,transfer
FN:189,addUsersContributions
FN:204,getNFTAddress
FN:213,transferNFT
FNF:8
FNH:8
FNDA:39,constructor
FNDA:13,mintNFT
FNDA:2,addNFT
FNDA:3,purchaseNFT
FNDA:3,transfer
FNDA:2,addUsersContributions
FNDA:1,getNFTAddress
FNDA:1,transferNFT
DA:80,13
DA:81,13
DA:82,13
DA:83,13
DA:90,13
DA:97,13
DA:98,13
DA:114,2
DA:118,1
DA:119,1
DA:120,1
DA:127,1
DA:134,1
DA:135,1
DA:156,3
DA:157,3
DA:158,3
DA:159,3
DA:163,3
DA:167,3
DA:170,3
DA:171,3
DA:174,3
DA:178,3
DA:179,3
DA:180,3
DA:194,2
DA:198,2
DA:205,1
DA:219,1
DA:224,1
LF:31
LH:31
BRDA:114,1,0,1
BRDA:114,1,1,1
BRDA:155,2,0,3
BRDA:155,2,1,0
BRDA:156,3,0,3
BRDA:156,3,1,0
BRDA:158,4,0,3
BRDA:158,4,1,0
BRDA:159,5,0,3
BRDA:159,5,1,0
BRDA:163,6,0,3
BRDA:163,6,1,0
BRDA:170,7,0,3
BRDA:170,7,1,0
BRDA:178,8,0,3
BRDA:178,8,1,0
BRDA:219,9,0,1
BRDA:219,9,1,0
BRF:18
BRH:10
end_of_record
TN:
SF:I:\BlockchainProject\Copyright\contracts\NFT.sol
FN:15,constructor
FN:19,setURI
FN:28,mint
FN:41,_update
FNF:4
FNH:4
FNDA:13,constructor
FNDA:13,setURI
FNDA:14,mint
FNDA:18,_update
DA:20,13
DA:29,14
DA:47,18
LF:3
LH:3
BRDA:19,1,0,13
BRDA:19,1,1,0
BRDA:28,2,0,14
BRDA:28,2,1,0
BRF:4
BRH:2
end_of_record
