TN:
SF:I:\BlockchainProject\Copyright\contracts\BAFC_NFT.sol
FN:33,constructor
FN:49,addUsersContributions
FN:62,getUsersContributions
FN:76,withdraw
FNF:4
FNH:4
FNDA:12,constructor
FNDA:2,addUsersContributions
FNDA:2,getUsersContributions
FNDA:12,withdraw
DA:34,12
DA:35,12
DA:36,12
DA:53,2
DA:54,2
DA:55,2
DA:56,2
DA:65,2
DA:77,12
DA:78,12
DA:83,12
DA:87,8
LF:12
LH:12
BRDA:53,1,0,2
BRDA:53,1,1,0
BRDA:54,2,0,2
BRDA:54,2,1,0
BRDA:77,3,0,12
BRDA:77,3,1,0
BRDA:78,4,0,12
BRDA:78,4,1,0
BRDA:87,5,0,8
BRDA:87,5,1,0
BRF:10
BRH:5
end_of_record
TN:
SF:I:\BlockchainProject\Copyright\contracts\Market.sol
FN:30,constructor
FN:72,mintNFT
FN:107,addNFT
FN:154,purchaseNFT
FN:180,addUsersContributions
FN:195,getNFTAddress
FNF:6
FNH:6
FNDA:36,constructor
FNDA:12,mintNFT
FNDA:2,addNFT
FNDA:3,purchaseNFT
FNDA:2,addUsersContributions
FNDA:1,getNFTAddress
DA:80,12
DA:81,12
DA:82,12
DA:83,12
DA:90,12
DA:97,12
DA:98,12
DA:113,2
DA:117,1
DA:118,1
DA:119,1
DA:126,1
DA:133,1
DA:134,1
DA:155,3
DA:156,3
DA:157,3
DA:161,3
DA:165,3
DA:168,3
DA:170,3
DA:185,2
DA:189,2
DA:196,1
LF:24
LH:24
BRDA:113,1,0,1
BRDA:113,1,1,1
BRDA:154,2,0,3
BRDA:154,2,1,0
BRDA:156,3,0,3
BRDA:156,3,1,0
BRDA:157,4,0,3
BRDA:157,4,1,0
BRDA:161,5,0,3
BRDA:161,5,1,0
BRDA:168,6,0,3
BRDA:168,6,1,0
BRF:12
BRH:7
end_of_record
TN:
SF:I:\BlockchainProject\Copyright\contracts\NFT.sol
FN:15,constructor
FN:19,setURI
FN:28,mint
FN:41,_update
FNF:4
FNH:4
FNDA:12,constructor
FNDA:12,setURI
FNDA:13,mint
FNDA:16,_update
DA:20,12
DA:29,13
DA:47,16
LF:3
LH:3
BRDA:19,1,0,12
BRDA:19,1,1,0
BRDA:28,2,0,13
BRDA:28,2,1,0
BRF:4
BRH:2
end_of_record
